{"C:\\Users\\rodri\\projetos\\persist-api\\src\\entrypoint\\handler.js": {"path":"C:\\Users\\rodri\\projetos\\persist-api\\src\\entrypoint\\handler.js","statementMap":{"0":{"start":{"line":2,"column":16},"end":{"line":2,"column":51}},"1":{"start":{"line":4,"column":0},"end":{"line":18,"column":2}},"2":{"start":{"line":5,"column":2},"end":{"line":17,"column":3}},"3":{"start":{"line":6,"column":6},"end":{"line":6,"column":45}},"4":{"start":{"line":7,"column":23},"end":{"line":10,"column":7}},"5":{"start":{"line":11,"column":6},"end":{"line":11,"column":22}},"6":{"start":{"line":13,"column":6},"end":{"line":16,"column":7}},"7":{"start":{"line":22,"column":2},"end":{"line":22,"column":29}}},"fnMap":{"0":{"name":"(anonymous_0)","decl":{"start":{"line":4,"column":31},"end":{"line":4,"column":32}},"loc":{"start":{"line":4,"column":48},"end":{"line":18,"column":1}},"line":4},"1":{"name":"prettyJSON","decl":{"start":{"line":21,"column":9},"end":{"line":21,"column":19}},"loc":{"start":{"line":21,"column":24},"end":{"line":23,"column":1}},"line":21}},"branchMap":{},"s":{"0":1,"1":1,"2":0,"3":0,"4":0,"5":0,"6":0,"7":0},"f":{"0":0,"1":0},"b":{},"_coverageSchema":"1a1c01bbd47fc00a2c39e90264f33305004495a9","hash":"01d9e411f3bcf7dbda91cd140c79574d01173fd6"}
,"C:\\Users\\rodri\\projetos\\persist-api\\src\\infra\\database\\dynamo.js": {"path":"C:\\Users\\rodri\\projetos\\persist-api\\src\\infra\\database\\dynamo.js","statementMap":{"0":{"start":{"line":1,"column":12},"end":{"line":1,"column":30}},"1":{"start":{"line":3,"column":16},"end":{"line":5,"column":1}},"2":{"start":{"line":4,"column":3},"end":{"line":4,"column":44}},"3":{"start":{"line":7,"column":0},"end":{"line":7,"column":24}}},"fnMap":{"0":{"name":"(anonymous_0)","decl":{"start":{"line":3,"column":16},"end":{"line":3,"column":17}},"loc":{"start":{"line":3,"column":21},"end":{"line":5,"column":1}},"line":3}},"branchMap":{},"s":{"0":1,"1":1,"2":0,"3":1},"f":{"0":0},"b":{},"_coverageSchema":"1a1c01bbd47fc00a2c39e90264f33305004495a9","hash":"38bb0e1dc144f2c41fe4093a99074e62b4cc39b3"}
,"C:\\Users\\rodri\\projetos\\persist-api\\src\\infra\\database\\repository\\adicionarItem.js": {"path":"C:\\Users\\rodri\\projetos\\persist-api\\src\\infra\\database\\repository\\adicionarItem.js","statementMap":{"0":{"start":{"line":1,"column":16},"end":{"line":1,"column":36}},"1":{"start":{"line":3,"column":0},"end":{"line":15,"column":1}},"2":{"start":{"line":4,"column":4},"end":{"line":14,"column":6}}},"fnMap":{"0":{"name":"(anonymous_0)","decl":{"start":{"line":3,"column":24},"end":{"line":3,"column":25}},"loc":{"start":{"line":3,"column":38},"end":{"line":15,"column":1}},"line":3}},"branchMap":{},"s":{"0":1,"1":1,"2":0},"f":{"0":0},"b":{},"_coverageSchema":"1a1c01bbd47fc00a2c39e90264f33305004495a9","hash":"9cc27c0006c3c7e6e079a1a6ce99e099df5d699c"}
,"C:\\Users\\rodri\\projetos\\persist-api\\src\\usecase\\modeloService.js": {"path":"C:\\Users\\rodri\\projetos\\persist-api\\src\\usecase\\modeloService.js","statementMap":{"0":{"start":{"line":1,"column":19},"end":{"line":1,"column":72}},"1":{"start":{"line":3,"column":0},"end":{"line":5,"column":1}},"2":{"start":{"line":4,"column":4},"end":{"line":4,"column":38}}},"fnMap":{"0":{"name":"(anonymous_0)","decl":{"start":{"line":3,"column":24},"end":{"line":3,"column":25}},"loc":{"start":{"line":3,"column":37},"end":{"line":5,"column":1}},"line":3}},"branchMap":{},"s":{"0":1,"1":1,"2":0},"f":{"0":0},"b":{},"_coverageSchema":"1a1c01bbd47fc00a2c39e90264f33305004495a9","hash":"a2ab798f3a2054e557cfa3fd64d78a69e93a5e3c"}
}
